<?xml version="1.0" encoding="UTF-8"?>
<testsuite xmlns:xsi="http://www.w3.org/2001/XMLSchema-instance" xsi:noNamespaceSchemaLocation="https://maven.apache.org/surefire/maven-surefire-plugin/xsd/surefire-test-report.xsd" name="demo.msa.AppTest" time="0.128" tests="1" errors="0" skipped="0" failures="0">
  <properties>
    <property name="sun.desktop" value="windows"/>
    <property name="awt.toolkit" value="sun.awt.windows.WToolkit"/>
    <property name="file.encoding.pkg" value="sun.io"/>
    <property name="java.specification.version" value="1.8"/>
    <property name="sun.cpu.isalist" value="amd64"/>
    <property name="sun.jnu.encoding" value="GBK"/>
    <property name="java.class.path" value="F:\microservices\microservices\msa-hello\target\test-classes;F:\microservices\microservices\msa-hello\target\classes;F:\Repository\local\org\springframework\boot\spring-boot-starter-web\2.0.4.RELEASE\spring-boot-starter-web-2.0.4.RELEASE.jar;F:\Repository\local\org\springframework\boot\spring-boot-starter-json\2.0.4.RELEASE\spring-boot-starter-json-2.0.4.RELEASE.jar;F:\Repository\local\com\fasterxml\jackson\core\jackson-databind\2.9.6\jackson-databind-2.9.6.jar;F:\Repository\local\com\fasterxml\jackson\core\jackson-annotations\2.9.0\jackson-annotations-2.9.0.jar;F:\Repository\local\com\fasterxml\jackson\core\jackson-core\2.9.6\jackson-core-2.9.6.jar;F:\Repository\local\com\fasterxml\jackson\datatype\jackson-datatype-jdk8\2.9.6\jackson-datatype-jdk8-2.9.6.jar;F:\Repository\local\com\fasterxml\jackson\datatype\jackson-datatype-jsr310\2.9.6\jackson-datatype-jsr310-2.9.6.jar;F:\Repository\local\com\fasterxml\jackson\module\jackson-module-parameter-names\2.9.6\jackson-module-parameter-names-2.9.6.jar;F:\Repository\local\org\springframework\boot\spring-boot-starter-tomcat\2.0.4.RELEASE\spring-boot-starter-tomcat-2.0.4.RELEASE.jar;F:\Repository\local\org\apache\tomcat\embed\tomcat-embed-core\8.5.32\tomcat-embed-core-8.5.32.jar;F:\Repository\local\org\apache\tomcat\embed\tomcat-embed-el\8.5.32\tomcat-embed-el-8.5.32.jar;F:\Repository\local\org\apache\tomcat\embed\tomcat-embed-websocket\8.5.32\tomcat-embed-websocket-8.5.32.jar;F:\Repository\local\org\hibernate\validator\hibernate-validator\6.0.11.Final\hibernate-validator-6.0.11.Final.jar;F:\Repository\local\javax\validation\validation-api\2.0.1.Final\validation-api-2.0.1.Final.jar;F:\Repository\local\org\jboss\logging\jboss-logging\3.3.2.Final\jboss-logging-3.3.2.Final.jar;F:\Repository\local\com\fasterxml\classmate\1.3.4\classmate-1.3.4.jar;F:\Repository\local\org\springframework\spring-web\5.0.8.RELEASE\spring-web-5.0.8.RELEASE.jar;F:\Repository\local\org\springframework\spring-beans\5.0.8.RELEASE\spring-beans-5.0.8.RELEASE.jar;F:\Repository\local\org\springframework\spring-webmvc\5.0.8.RELEASE\spring-webmvc-5.0.8.RELEASE.jar;F:\Repository\local\org\springframework\spring-aop\5.0.8.RELEASE\spring-aop-5.0.8.RELEASE.jar;F:\Repository\local\org\springframework\spring-context\5.0.8.RELEASE\spring-context-5.0.8.RELEASE.jar;F:\Repository\local\org\springframework\spring-expression\5.0.8.RELEASE\spring-expression-5.0.8.RELEASE.jar;F:\Repository\local\org\springframework\boot\spring-boot-configuration-processor\2.0.4.RELEASE\spring-boot-configuration-processor-2.0.4.RELEASE.jar;F:\Repository\local\org\springframework\boot\spring-boot-starter\2.0.4.RELEASE\spring-boot-starter-2.0.4.RELEASE.jar;F:\Repository\local\org\springframework\boot\spring-boot\2.0.4.RELEASE\spring-boot-2.0.4.RELEASE.jar;F:\Repository\local\org\springframework\boot\spring-boot-autoconfigure\2.0.4.RELEASE\spring-boot-autoconfigure-2.0.4.RELEASE.jar;F:\Repository\local\javax\annotation\javax.annotation-api\1.3.2\javax.annotation-api-1.3.2.jar;F:\Repository\local\org\springframework\spring-core\5.0.8.RELEASE\spring-core-5.0.8.RELEASE.jar;F:\Repository\local\org\springframework\spring-jcl\5.0.8.RELEASE\spring-jcl-5.0.8.RELEASE.jar;F:\Repository\local\org\yaml\snakeyaml\1.19\snakeyaml-1.19.jar;F:\Repository\local\org\springframework\boot\spring-boot-starter-log4j2\2.0.4.RELEASE\spring-boot-starter-log4j2-2.0.4.RELEASE.jar;F:\Repository\local\org\apache\logging\log4j\log4j-slf4j-impl\2.10.0\log4j-slf4j-impl-2.10.0.jar;F:\Repository\local\org\apache\logging\log4j\log4j-api\2.10.0\log4j-api-2.10.0.jar;F:\Repository\local\org\apache\logging\log4j\log4j-core\2.10.0\log4j-core-2.10.0.jar;F:\Repository\local\org\apache\logging\log4j\log4j-jul\2.10.0\log4j-jul-2.10.0.jar;F:\Repository\local\org\slf4j\jul-to-slf4j\1.7.25\jul-to-slf4j-1.7.25.jar;F:\Repository\local\org\springframework\boot\spring-boot-starter-test\2.0.4.RELEASE\spring-boot-starter-test-2.0.4.RELEASE.jar;F:\Repository\local\org\springframework\boot\spring-boot-test\2.0.4.RELEASE\spring-boot-test-2.0.4.RELEASE.jar;F:\Repository\local\org\springframework\boot\spring-boot-test-autoconfigure\2.0.4.RELEASE\spring-boot-test-autoconfigure-2.0.4.RELEASE.jar;F:\Repository\local\com\jayway\jsonpath\json-path\2.4.0\json-path-2.4.0.jar;F:\Repository\local\net\minidev\json-smart\2.3\json-smart-2.3.jar;F:\Repository\local\net\minidev\accessors-smart\1.2\accessors-smart-1.2.jar;F:\Repository\local\org\ow2\asm\asm\5.0.4\asm-5.0.4.jar;F:\Repository\local\junit\junit\4.12\junit-4.12.jar;F:\Repository\local\org\assertj\assertj-core\3.9.1\assertj-core-3.9.1.jar;F:\Repository\local\org\mockito\mockito-core\2.15.0\mockito-core-2.15.0.jar;F:\Repository\local\net\bytebuddy\byte-buddy\1.7.11\byte-buddy-1.7.11.jar;F:\Repository\local\net\bytebuddy\byte-buddy-agent\1.7.11\byte-buddy-agent-1.7.11.jar;F:\Repository\local\org\objenesis\objenesis\2.6\objenesis-2.6.jar;F:\Repository\local\org\hamcrest\hamcrest-core\1.3\hamcrest-core-1.3.jar;F:\Repository\local\org\hamcrest\hamcrest-library\1.3\hamcrest-library-1.3.jar;F:\Repository\local\org\skyscreamer\jsonassert\1.5.0\jsonassert-1.5.0.jar;F:\Repository\local\com\vaadin\external\google\android-json\0.0.20131108.vaadin1\android-json-0.0.20131108.vaadin1.jar;F:\Repository\local\org\springframework\spring-test\5.0.8.RELEASE\spring-test-5.0.8.RELEASE.jar;F:\Repository\local\org\xmlunit\xmlunit-core\2.5.1\xmlunit-core-2.5.1.jar;F:\Repository\local\org\springframework\boot\spring-boot-starter-actuator\2.0.4.RELEASE\spring-boot-starter-actuator-2.0.4.RELEASE.jar;F:\Repository\local\org\springframework\boot\spring-boot-actuator-autoconfigure\2.0.4.RELEASE\spring-boot-actuator-autoconfigure-2.0.4.RELEASE.jar;F:\Repository\local\org\springframework\boot\spring-boot-actuator\2.0.4.RELEASE\spring-boot-actuator-2.0.4.RELEASE.jar;F:\Repository\local\io\micrometer\micrometer-core\1.0.6\micrometer-core-1.0.6.jar;F:\Repository\local\org\hdrhistogram\HdrHistogram\2.1.10\HdrHistogram-2.1.10.jar;F:\Repository\local\org\latencyutils\LatencyUtils\2.0.3\LatencyUtils-2.0.3.jar;F:\Repository\local\org\springframework\boot\spring-boot-starter-hateoas\2.0.4.RELEASE\spring-boot-starter-hateoas-2.0.4.RELEASE.jar;F:\Repository\local\org\springframework\hateoas\spring-hateoas\0.25.0.RELEASE\spring-hateoas-0.25.0.RELEASE.jar;F:\Repository\local\org\springframework\plugin\spring-plugin-core\1.2.0.RELEASE\spring-plugin-core-1.2.0.RELEASE.jar;F:\Repository\local\org\webjars\hal-browser\3325375\hal-browser-3325375.jar;F:\Repository\local\org\apache\zookeeper\zookeeper\3.4.12\zookeeper-3.4.12.jar;F:\Repository\local\org\slf4j\slf4j-api\1.7.25\slf4j-api-1.7.25.jar;F:\Repository\local\log4j\log4j\1.2.17\log4j-1.2.17.jar;F:\Repository\local\jline\jline\0.9.94\jline-0.9.94.jar;F:\Repository\local\org\apache\yetus\audience-annotations\0.5.0\audience-annotations-0.5.0.jar;F:\Repository\local\io\netty\netty\3.10.6.Final\netty-3.10.6.Final.jar;"/>
    <property name="java.vm.vendor" value="Oracle Corporation"/>
    <property name="sun.arch.data.model" value="64"/>
    <property name="user.variant" value=""/>
    <property name="java.vendor.url" value="http://java.oracle.com/"/>
    <property name="user.timezone" value=""/>
    <property name="java.vm.specification.version" value="1.8"/>
    <property name="os.name" value="Windows 10"/>
    <property name="user.country" value="CN"/>
    <property name="sun.java.launcher" value="SUN_STANDARD"/>
    <property name="sun.boot.library.path" value="C:\jdk1.8.0_171\jre\bin"/>
    <property name="sun.java.command" value="C:\Users\ANQUAN~1\AppData\Local\Temp\surefire901262615708104230\surefirebooter3413639249552902029.jar C:\Users\anquan li\AppData\Local\Temp\surefire901262615708104230 2018-09-06T14-56-23_845-jvmRun1 surefire6286652341569842903tmp surefire_08552008397204651866tmp"/>
    <property name="surefire.test.class.path" value="F:\microservices\microservices\msa-hello\target\test-classes;F:\microservices\microservices\msa-hello\target\classes;F:\Repository\local\org\springframework\boot\spring-boot-starter-web\2.0.4.RELEASE\spring-boot-starter-web-2.0.4.RELEASE.jar;F:\Repository\local\org\springframework\boot\spring-boot-starter-json\2.0.4.RELEASE\spring-boot-starter-json-2.0.4.RELEASE.jar;F:\Repository\local\com\fasterxml\jackson\core\jackson-databind\2.9.6\jackson-databind-2.9.6.jar;F:\Repository\local\com\fasterxml\jackson\core\jackson-annotations\2.9.0\jackson-annotations-2.9.0.jar;F:\Repository\local\com\fasterxml\jackson\core\jackson-core\2.9.6\jackson-core-2.9.6.jar;F:\Repository\local\com\fasterxml\jackson\datatype\jackson-datatype-jdk8\2.9.6\jackson-datatype-jdk8-2.9.6.jar;F:\Repository\local\com\fasterxml\jackson\datatype\jackson-datatype-jsr310\2.9.6\jackson-datatype-jsr310-2.9.6.jar;F:\Repository\local\com\fasterxml\jackson\module\jackson-module-parameter-names\2.9.6\jackson-module-parameter-names-2.9.6.jar;F:\Repository\local\org\springframework\boot\spring-boot-starter-tomcat\2.0.4.RELEASE\spring-boot-starter-tomcat-2.0.4.RELEASE.jar;F:\Repository\local\org\apache\tomcat\embed\tomcat-embed-core\8.5.32\tomcat-embed-core-8.5.32.jar;F:\Repository\local\org\apache\tomcat\embed\tomcat-embed-el\8.5.32\tomcat-embed-el-8.5.32.jar;F:\Repository\local\org\apache\tomcat\embed\tomcat-embed-websocket\8.5.32\tomcat-embed-websocket-8.5.32.jar;F:\Repository\local\org\hibernate\validator\hibernate-validator\6.0.11.Final\hibernate-validator-6.0.11.Final.jar;F:\Repository\local\javax\validation\validation-api\2.0.1.Final\validation-api-2.0.1.Final.jar;F:\Repository\local\org\jboss\logging\jboss-logging\3.3.2.Final\jboss-logging-3.3.2.Final.jar;F:\Repository\local\com\fasterxml\classmate\1.3.4\classmate-1.3.4.jar;F:\Repository\local\org\springframework\spring-web\5.0.8.RELEASE\spring-web-5.0.8.RELEASE.jar;F:\Repository\local\org\springframework\spring-beans\5.0.8.RELEASE\spring-beans-5.0.8.RELEASE.jar;F:\Repository\local\org\springframework\spring-webmvc\5.0.8.RELEASE\spring-webmvc-5.0.8.RELEASE.jar;F:\Repository\local\org\springframework\spring-aop\5.0.8.RELEASE\spring-aop-5.0.8.RELEASE.jar;F:\Repository\local\org\springframework\spring-context\5.0.8.RELEASE\spring-context-5.0.8.RELEASE.jar;F:\Repository\local\org\springframework\spring-expression\5.0.8.RELEASE\spring-expression-5.0.8.RELEASE.jar;F:\Repository\local\org\springframework\boot\spring-boot-configuration-processor\2.0.4.RELEASE\spring-boot-configuration-processor-2.0.4.RELEASE.jar;F:\Repository\local\org\springframework\boot\spring-boot-starter\2.0.4.RELEASE\spring-boot-starter-2.0.4.RELEASE.jar;F:\Repository\local\org\springframework\boot\spring-boot\2.0.4.RELEASE\spring-boot-2.0.4.RELEASE.jar;F:\Repository\local\org\springframework\boot\spring-boot-autoconfigure\2.0.4.RELEASE\spring-boot-autoconfigure-2.0.4.RELEASE.jar;F:\Repository\local\javax\annotation\javax.annotation-api\1.3.2\javax.annotation-api-1.3.2.jar;F:\Repository\local\org\springframework\spring-core\5.0.8.RELEASE\spring-core-5.0.8.RELEASE.jar;F:\Repository\local\org\springframework\spring-jcl\5.0.8.RELEASE\spring-jcl-5.0.8.RELEASE.jar;F:\Repository\local\org\yaml\snakeyaml\1.19\snakeyaml-1.19.jar;F:\Repository\local\org\springframework\boot\spring-boot-starter-log4j2\2.0.4.RELEASE\spring-boot-starter-log4j2-2.0.4.RELEASE.jar;F:\Repository\local\org\apache\logging\log4j\log4j-slf4j-impl\2.10.0\log4j-slf4j-impl-2.10.0.jar;F:\Repository\local\org\apache\logging\log4j\log4j-api\2.10.0\log4j-api-2.10.0.jar;F:\Repository\local\org\apache\logging\log4j\log4j-core\2.10.0\log4j-core-2.10.0.jar;F:\Repository\local\org\apache\logging\log4j\log4j-jul\2.10.0\log4j-jul-2.10.0.jar;F:\Repository\local\org\slf4j\jul-to-slf4j\1.7.25\jul-to-slf4j-1.7.25.jar;F:\Repository\local\org\springframework\boot\spring-boot-starter-test\2.0.4.RELEASE\spring-boot-starter-test-2.0.4.RELEASE.jar;F:\Repository\local\org\springframework\boot\spring-boot-test\2.0.4.RELEASE\spring-boot-test-2.0.4.RELEASE.jar;F:\Repository\local\org\springframework\boot\spring-boot-test-autoconfigure\2.0.4.RELEASE\spring-boot-test-autoconfigure-2.0.4.RELEASE.jar;F:\Repository\local\com\jayway\jsonpath\json-path\2.4.0\json-path-2.4.0.jar;F:\Repository\local\net\minidev\json-smart\2.3\json-smart-2.3.jar;F:\Repository\local\net\minidev\accessors-smart\1.2\accessors-smart-1.2.jar;F:\Repository\local\org\ow2\asm\asm\5.0.4\asm-5.0.4.jar;F:\Repository\local\junit\junit\4.12\junit-4.12.jar;F:\Repository\local\org\assertj\assertj-core\3.9.1\assertj-core-3.9.1.jar;F:\Repository\local\org\mockito\mockito-core\2.15.0\mockito-core-2.15.0.jar;F:\Repository\local\net\bytebuddy\byte-buddy\1.7.11\byte-buddy-1.7.11.jar;F:\Repository\local\net\bytebuddy\byte-buddy-agent\1.7.11\byte-buddy-agent-1.7.11.jar;F:\Repository\local\org\objenesis\objenesis\2.6\objenesis-2.6.jar;F:\Repository\local\org\hamcrest\hamcrest-core\1.3\hamcrest-core-1.3.jar;F:\Repository\local\org\hamcrest\hamcrest-library\1.3\hamcrest-library-1.3.jar;F:\Repository\local\org\skyscreamer\jsonassert\1.5.0\jsonassert-1.5.0.jar;F:\Repository\local\com\vaadin\external\google\android-json\0.0.20131108.vaadin1\android-json-0.0.20131108.vaadin1.jar;F:\Repository\local\org\springframework\spring-test\5.0.8.RELEASE\spring-test-5.0.8.RELEASE.jar;F:\Repository\local\org\xmlunit\xmlunit-core\2.5.1\xmlunit-core-2.5.1.jar;F:\Repository\local\org\springframework\boot\spring-boot-starter-actuator\2.0.4.RELEASE\spring-boot-starter-actuator-2.0.4.RELEASE.jar;F:\Repository\local\org\springframework\boot\spring-boot-actuator-autoconfigure\2.0.4.RELEASE\spring-boot-actuator-autoconfigure-2.0.4.RELEASE.jar;F:\Repository\local\org\springframework\boot\spring-boot-actuator\2.0.4.RELEASE\spring-boot-actuator-2.0.4.RELEASE.jar;F:\Repository\local\io\micrometer\micrometer-core\1.0.6\micrometer-core-1.0.6.jar;F:\Repository\local\org\hdrhistogram\HdrHistogram\2.1.10\HdrHistogram-2.1.10.jar;F:\Repository\local\org\latencyutils\LatencyUtils\2.0.3\LatencyUtils-2.0.3.jar;F:\Repository\local\org\springframework\boot\spring-boot-starter-hateoas\2.0.4.RELEASE\spring-boot-starter-hateoas-2.0.4.RELEASE.jar;F:\Repository\local\org\springframework\hateoas\spring-hateoas\0.25.0.RELEASE\spring-hateoas-0.25.0.RELEASE.jar;F:\Repository\local\org\springframework\plugin\spring-plugin-core\1.2.0.RELEASE\spring-plugin-core-1.2.0.RELEASE.jar;F:\Repository\local\org\webjars\hal-browser\3325375\hal-browser-3325375.jar;F:\Repository\local\org\apache\zookeeper\zookeeper\3.4.12\zookeeper-3.4.12.jar;F:\Repository\local\org\slf4j\slf4j-api\1.7.25\slf4j-api-1.7.25.jar;F:\Repository\local\log4j\log4j\1.2.17\log4j-1.2.17.jar;F:\Repository\local\jline\jline\0.9.94\jline-0.9.94.jar;F:\Repository\local\org\apache\yetus\audience-annotations\0.5.0\audience-annotations-0.5.0.jar;F:\Repository\local\io\netty\netty\3.10.6.Final\netty-3.10.6.Final.jar;"/>
    <property name="sun.cpu.endian" value="little"/>
    <property name="user.home" value="C:\Users\anquan li"/>
    <property name="user.language" value="zh"/>
    <property name="java.specification.vendor" value="Oracle Corporation"/>
    <property name="java.home" value="C:\jdk1.8.0_171\jre"/>
    <property name="basedir" value="F:\microservices\microservices\msa-hello"/>
    <property name="file.separator" value="\"/>
    <property name="line.separator" value="&#10;"/>
    <property name="java.vm.specification.vendor" value="Oracle Corporation"/>
    <property name="java.specification.name" value="Java Platform API Specification"/>
    <property name="java.awt.graphicsenv" value="sun.awt.Win32GraphicsEnvironment"/>
    <property name="surefire.real.class.path" value="C:\Users\ANQUAN~1\AppData\Local\Temp\surefire901262615708104230\surefirebooter3413639249552902029.jar"/>
    <property name="sun.boot.class.path" value="C:\jdk1.8.0_171\jre\lib\resources.jar;C:\jdk1.8.0_171\jre\lib\rt.jar;C:\jdk1.8.0_171\jre\lib\sunrsasign.jar;C:\jdk1.8.0_171\jre\lib\jsse.jar;C:\jdk1.8.0_171\jre\lib\jce.jar;C:\jdk1.8.0_171\jre\lib\charsets.jar;C:\jdk1.8.0_171\jre\lib\jfr.jar;C:\jdk1.8.0_171\jre\classes"/>
    <property name="user.script" value=""/>
    <property name="sun.management.compiler" value="HotSpot 64-Bit Tiered Compilers"/>
    <property name="java.runtime.version" value="1.8.0_171-b11"/>
    <property name="user.name" value="anquan li"/>
    <property name="path.separator" value=";"/>
    <property name="os.version" value="10.0"/>
    <property name="java.endorsed.dirs" value="C:\jdk1.8.0_171\jre\lib\endorsed"/>
    <property name="java.runtime.name" value="Java(TM) SE Runtime Environment"/>
    <property name="file.encoding" value="GBK"/>
    <property name="java.vm.name" value="Java HotSpot(TM) 64-Bit Server VM"/>
    <property name="localRepository" value="F:\Repository\local"/>
    <property name="java.vendor.url.bug" value="http://bugreport.sun.com/bugreport/"/>
    <property name="java.io.tmpdir" value="C:\Users\ANQUAN~1\AppData\Local\Temp\"/>
    <property name="idea.version" value="2018.2.2"/>
    <property name="java.version" value="1.8.0_171"/>
    <property name="user.dir" value="F:\microservices\microservices\msa-hello"/>
    <property name="os.arch" value="amd64"/>
    <property name="java.vm.specification.name" value="Java Virtual Machine Specification"/>
    <property name="java.awt.printerjob" value="sun.awt.windows.WPrinterJob"/>
    <property name="sun.os.patch.level" value=""/>
    <property name="java.library.path" value="C:\jdk1.8.0_171\jre\bin;C:\WINDOWS\Sun\Java\bin;C:\WINDOWS\system32;C:\WINDOWS;C:\Program Files\VanDyke Software\Clients\;C:\ProgramData\Oracle\Java\javapath;C:\Program Files (x86)\Common Files\Oracle\Java\javapath;C:\Program Files (x86)\Intel\Intel(R) Management Engine Components\iCLS\;C:\Program Files\Intel\Intel(R) Management Engine Components\iCLS\;C:\WINDOWS\system32;C:\WINDOWS;C:\WINDOWS\System32\Wbem;C:\WINDOWS\System32\WindowsPowerShell\v1.0\;C:\Program Files (x86)\Intel\Intel(R) Management Engine Components\DAL;C:\Program Files\Intel\Intel(R) Management Engine Components\DAL;C:\Program Files (x86)\Intel\Intel(R) Management Engine Components\IPT;C:\Program Files\Intel\Intel(R) Management Engine Components\IPT;C:\WINDOWS\System32\OpenSSH\;C:\Program Files (x86)\Lenovo\Access Connections\;C:\Program Files (x86)\Brackets\command;C:\Program Files (x86)\MySQL\MySQL Utilities 1.6\;C:\Program Files (x86)\Lua\5.1;C:\Program Files (x86)\Lua\5.1\clibs;C:\Program Files\IDM Computer Solutions\UltraEdit;C:\Program Files\IDM Computer Solutions\UltraCompare;C:\Program Files\Microsoft VS Code\bin;C:\WINDOWS\system32;C:\WINDOWS;C:\WINDOWS\System32\Wbem;C:\WINDOWS\System32\WindowsPowerShell\v1.0\;C:\WINDOWS\System32\OpenSSH\;C:\Program Files\Git\cmd;C:\Program Files\TortoiseSVN\bin;C:\Program Files\TortoiseGit\bin;C:\Program Files\Intel\WiFi\bin\;C:\Program Files\Common Files\Intel\WirelessCommon\;C:\Program Files\nodejs\;C:\Users\anquan li\AppData\Local\Microsoft\WindowsApps;C:\Users\anquan li\AppData\Local\Programs\EmEditor;C:\Users\anquan li\AppData\Local\atom\bin;C:\Program Files\Microsoft VS Code\bin;C:\jdk1.8.0_171\bin;C:\Users\anquan li\AppData\Local\Programs\Fiddler;C:\Program Files (x86)\SSH Communications Security\SSH Secure Shell;F:\Maven\apache-maven-3.5.0\bin;F:\gradle\gradle-4.6\bin;C:\Program Files\Intel\WiFi\bin\;C:\Program Files\Common Files\Intel\WirelessCommon\;C:\Users\anquan li\AppData\Local\Microsoft\WindowsApps;C:\Users\anquan li\AppData\Local\GitHubDesktop\bin;C:\Users\anquan li\AppData\Local\Programs\Microsoft VS Code\bin;C:\Users\anquan li\AppData\Roaming\npm;C:\Program Files\MySQL\MySQL Server 5.7\bin;;."/>
    <property name="java.vm.info" value="mixed mode"/>
    <property name="java.vendor" value="Oracle Corporation"/>
    <property name="java.vm.version" value="25.171-b11"/>
    <property name="java.ext.dirs" value="C:\jdk1.8.0_171\jre\lib\ext;C:\WINDOWS\Sun\Java\lib\ext"/>
    <property name="sun.io.unicode.encoding" value="UnicodeLittle"/>
    <property name="maven.repo.local" value="F:\Repository\local"/>
    <property name="java.class.version" value="52.0"/>
  </properties>
  <testcase name="shouldAnswerWithTrue" classname="demo.msa.AppTest" time="0.009"/>
</testsuite>